[0m06:38:26.228651 [debug] [MainThread]: Sending event: {'category': 'dbt', 'action': 'invocation', 'label': 'start', 'context': [<snowplow_tracker.self_describing_json.SelfDescribingJson object at 0x107e36ef0>, <snowplow_tracker.self_describing_json.SelfDescribingJson object at 0x1090ceec0>, <snowplow_tracker.self_describing_json.SelfDescribingJson object at 0x1090cf940>]}


============================== 06:38:26.231029 | 2b7e9e1f-50cc-40ee-a8d3-bafbe56a784e ==============================
[0m06:38:26.231029 [info ] [MainThread]: Running with dbt=1.9.4
[0m06:38:26.231311 [debug] [MainThread]: running dbt with arguments {'printer_width': '80', 'indirect_selection': 'eager', 'write_json': 'True', 'log_cache_events': 'False', 'partial_parse': 'True', 'cache_selected_only': 'False', 'warn_error': 'None', 'version_check': 'True', 'debug': 'False', 'log_path': 'logs', 'fail_fast': 'False', 'profiles_dir': '/Users/ayomideabass/.dbt', 'use_colors': 'True', 'use_experimental_parser': 'False', 'no_print': 'None', 'quiet': 'False', 'empty': 'None', 'warn_error_options': 'WarnErrorOptions(include=[], exclude=[])', 'static_parser': 'True', 'invocation_command': 'dbt init football_pipeline', 'introspect': 'True', 'target_path': 'None', 'log_format': 'default', 'send_anonymous_usage_stats': 'True'}
[0m06:38:26.237004 [warn ] [MainThread]: [ConfigFolderDirectory]: Unable to parse logging event dictionary. Failed to parse dir field: expected string or bytes-like object.. Dictionary: {'dir': PosixPath('/Users/ayomideabass/.dbt')}
[0m06:38:26.237204 [info ] [MainThread]: Creating dbt configuration folder at 
[0m06:38:26.238076 [debug] [MainThread]: Starter project path: /opt/anaconda3/envs/football_stats_extract_env/lib/python3.10/site-packages/dbt/include/starter_project
[0m06:38:26.241593 [info ] [MainThread]: 
Your new dbt project "football_pipeline" was created!

For more information on how to configure the profiles.yml file,
please consult the dbt documentation here:

  https://docs.getdbt.com/docs/configure-your-profile

One more thing:

Need help? Don't hesitate to reach out to us via GitHub issues or on Slack:

  https://community.getdbt.com/

Happy modeling!

[0m06:38:26.241829 [info ] [MainThread]: Setting up your profile.
[0m06:48:32.408482 [info ] [MainThread]: Profile football_pipeline written to /Users/ayomideabass/.dbt/profiles.yml using target's profile_template.yml and your supplied values. Run 'dbt debug' to validate the connection.
[0m06:48:32.426066 [debug] [MainThread]: Resource report: {"command_name": "init", "command_success": true, "command_wall_clock_time": 606.22565, "process_in_blocks": "0", "process_kernel_time": 0.104058, "process_mem_max_rss": "105316352", "process_out_blocks": "0", "process_user_time": 0.62179}
[0m06:48:32.426585 [debug] [MainThread]: Command `dbt init` succeeded at 06:48:32.426485 after 606.23 seconds
[0m06:48:32.426949 [debug] [MainThread]: Sending event: {'category': 'dbt', 'action': 'invocation', 'label': 'end', 'context': [<snowplow_tracker.self_describing_json.SelfDescribingJson object at 0x107e36ef0>, <snowplow_tracker.self_describing_json.SelfDescribingJson object at 0x1092454b0>, <snowplow_tracker.self_describing_json.SelfDescribingJson object at 0x1090cee00>]}
[0m06:48:32.427319 [debug] [MainThread]: Flushing usage events
[0m06:48:32.902808 [debug] [MainThread]: An error was encountered while trying to flush usage events
[0m14:19:21.326582 [debug] [MainThread]: Sending event: {'category': 'dbt', 'action': 'invocation', 'label': 'start', 'context': [<snowplow_tracker.self_describing_json.SelfDescribingJson object at 0x1109caf20>, <snowplow_tracker.self_describing_json.SelfDescribingJson object at 0x11292bfa0>, <snowplow_tracker.self_describing_json.SelfDescribingJson object at 0x11292b880>]}


============================== 14:19:21.329238 | a3798213-430b-4e77-b624-353a37965fad ==============================
[0m14:19:21.329238 [info ] [MainThread]: Running with dbt=1.9.4
[0m14:19:21.329510 [debug] [MainThread]: running dbt with arguments {'printer_width': '80', 'indirect_selection': 'eager', 'log_cache_events': 'False', 'write_json': 'True', 'partial_parse': 'True', 'cache_selected_only': 'False', 'warn_error': 'None', 'debug': 'False', 'fail_fast': 'False', 'log_path': 'logs', 'profiles_dir': '/Users/ayomideabass/.dbt', 'version_check': 'True', 'use_colors': 'True', 'use_experimental_parser': 'False', 'no_print': 'None', 'quiet': 'False', 'empty': 'None', 'warn_error_options': 'WarnErrorOptions(include=[], exclude=[])', 'invocation_command': 'dbt debug', 'static_parser': 'True', 'introspect': 'True', 'target_path': 'None', 'log_format': 'default', 'send_anonymous_usage_stats': 'True'}
[0m14:19:21.335983 [info ] [MainThread]: dbt version: 1.9.4
[0m14:19:21.336185 [info ] [MainThread]: python version: 3.10.13
[0m14:19:21.336342 [info ] [MainThread]: python path: /opt/anaconda3/envs/football_stats_extract_env/bin/python
[0m14:19:21.336488 [info ] [MainThread]: os info: macOS-15.3.1-arm64-arm-64bit
[0m14:19:21.373019 [info ] [MainThread]: Using profiles dir at /Users/ayomideabass/.dbt
[0m14:19:21.373344 [info ] [MainThread]: Using profiles.yml file at /Users/ayomideabass/.dbt/profiles.yml
[0m14:19:21.373516 [info ] [MainThread]: Using dbt_project.yml file at /Users/ayomideabass/Documents/Projects/football_stats_project/dbt_project.yml
[0m14:19:21.373952 [info ] [MainThread]: adapter type: postgres
[0m14:19:21.374110 [info ] [MainThread]: adapter version: 1.9.0
[0m14:19:21.374261 [info ] [MainThread]: Configuration:
[0m14:19:21.374398 [info ] [MainThread]:   profiles.yml file [[32mOK found and valid[0m]
[0m14:19:21.374528 [info ] [MainThread]:   dbt_project.yml file [[31mERROR not found[0m]
[0m14:19:21.374658 [info ] [MainThread]: Required dependencies:
[0m14:19:21.374824 [debug] [MainThread]: Executing "git --help"
[0m14:19:21.391973 [debug] [MainThread]: STDOUT: "b"usage: git [-v | --version] [-h | --help] [-C <path>] [-c <name>=<value>]\n           [--exec-path[=<path>]] [--html-path] [--man-path] [--info-path]\n           [-p | --paginate | -P | --no-pager] [--no-replace-objects] [--bare]\n           [--git-dir=<path>] [--work-tree=<path>] [--namespace=<name>]\n           [--super-prefix=<path>] [--config-env=<name>=<envvar>]\n           <command> [<args>]\n\nThese are common Git commands used in various situations:\n\nstart a working area (see also: git help tutorial)\n   clone     Clone a repository into a new directory\n   init      Create an empty Git repository or reinitialize an existing one\n\nwork on the current change (see also: git help everyday)\n   add       Add file contents to the index\n   mv        Move or rename a file, a directory, or a symlink\n   restore   Restore working tree files\n   rm        Remove files from the working tree and from the index\n\nexamine the history and state (see also: git help revisions)\n   bisect    Use binary search to find the commit that introduced a bug\n   diff      Show changes between commits, commit and working tree, etc\n   grep      Print lines matching a pattern\n   log       Show commit logs\n   show      Show various types of objects\n   status    Show the working tree status\n\ngrow, mark and tweak your common history\n   branch    List, create, or delete branches\n   commit    Record changes to the repository\n   merge     Join two or more development histories together\n   rebase    Reapply commits on top of another base tip\n   reset     Reset current HEAD to the specified state\n   switch    Switch branches\n   tag       Create, list, delete or verify a tag object signed with GPG\n\ncollaborate (see also: git help workflows)\n   fetch     Download objects and refs from another repository\n   pull      Fetch from and integrate with another repository or a local branch\n   push      Update remote refs along with associated objects\n\n'git help -a' and 'git help -g' list available subcommands and some\nconcept guides. See 'git help <command>' or 'git help <concept>'\nto read about a specific subcommand or concept.\nSee 'git help git' for an overview of the system.\n""
[0m14:19:21.392489 [debug] [MainThread]: STDERR: "b''"
[0m14:19:21.392668 [info ] [MainThread]:  - git [[32mOK found[0m]

[0m14:19:21.392840 [info ] [MainThread]: Connection:
[0m14:19:21.393008 [info ] [MainThread]:   host: localhost
[0m14:19:21.393152 [info ] [MainThread]:   port: 5433
[0m14:19:21.393283 [info ] [MainThread]:   user: ayoabass
[0m14:19:21.393413 [info ] [MainThread]:   database: football_betting
[0m14:19:21.393545 [info ] [MainThread]:   schema: raw
[0m14:19:21.393675 [info ] [MainThread]:   connect_timeout: 10
[0m14:19:21.393803 [info ] [MainThread]:   role: None
[0m14:19:21.393931 [info ] [MainThread]:   search_path: None
[0m14:19:21.394059 [info ] [MainThread]:   keepalives_idle: 0
[0m14:19:21.394190 [info ] [MainThread]:   sslmode: None
[0m14:19:21.394318 [info ] [MainThread]:   sslcert: None
[0m14:19:21.394446 [info ] [MainThread]:   sslkey: None
[0m14:19:21.394572 [info ] [MainThread]:   sslrootcert: None
[0m14:19:21.394698 [info ] [MainThread]:   application_name: dbt
[0m14:19:21.394826 [info ] [MainThread]:   retries: 1
[0m14:19:21.395182 [info ] [MainThread]: Registered adapter: postgres=1.9.0
[0m14:19:21.574178 [debug] [MainThread]: Acquiring new postgres connection 'debug'
[0m14:19:21.615100 [debug] [MainThread]: Using postgres connection "debug"
[0m14:19:21.615294 [debug] [MainThread]: On debug: select 1 as id
[0m14:19:21.615426 [debug] [MainThread]: Opening a new connection, currently in state init
[0m14:19:21.646693 [debug] [MainThread]: SQL status: SELECT 1 in 0.031 seconds
[0m14:19:21.647190 [debug] [MainThread]: On debug: Close
[0m14:19:21.647367 [info ] [MainThread]:   Connection test: [[32mOK connection ok[0m]

[0m14:19:21.647561 [info ] [MainThread]: [31m1 check failed:[0m
[0m14:19:21.647712 [info ] [MainThread]: Project loading failed for the following reason:
 project path </Users/ayomideabass/Documents/Projects/football_stats_project/dbt_project.yml> not found

[0m14:19:21.648970 [debug] [MainThread]: Resource report: {"command_name": "debug", "command_success": false, "command_wall_clock_time": 0.35563096, "process_in_blocks": "0", "process_kernel_time": 0.127575, "process_mem_max_rss": "116670464", "process_out_blocks": "0", "process_user_time": 0.572603}
[0m14:19:21.649178 [debug] [MainThread]: Command `dbt debug` failed at 14:19:21.649133 after 0.36 seconds
[0m14:19:21.649337 [debug] [MainThread]: Connection 'debug' was properly closed.
[0m14:19:21.649498 [debug] [MainThread]: Sending event: {'category': 'dbt', 'action': 'invocation', 'label': 'end', 'context': [<snowplow_tracker.self_describing_json.SelfDescribingJson object at 0x1109caf20>, <snowplow_tracker.self_describing_json.SelfDescribingJson object at 0x112ae7d30>, <snowplow_tracker.self_describing_json.SelfDescribingJson object at 0x112ae68f0>]}
[0m14:19:21.649679 [debug] [MainThread]: Flushing usage events
[0m14:19:23.129743 [debug] [MainThread]: An error was encountered while trying to flush usage events
